<?xml version="1.0" encoding="UTF-8"?>
<testsuite name="org.dataportabilityproject.types.client.providers.RegisteredServiceProviderTest" tests="1" skipped="0" failures="0" errors="0" timestamp="2018-01-25T20:43:10" hostname="olsona.chi.corp.google.com" time="0.007">
  <properties/>
  <testcase name="verifySerializeDeserialize" classname="org.dataportabilityproject.types.client.providers.RegisteredServiceProviderTest" time="0.007"/>
  <system-out><![CDATA[]]></system-out>
  <system-err><![CDATA[]]></system-err>
</testsuite>
